{
  "stats": {
    "suites": 1,
    "tests": 3,
    "passes": 0,
    "pending": 0,
    "failures": 3,
    "start": "2021-08-21T15:31:07.439Z",
    "end": "2021-08-21T15:31:52.764Z",
    "duration": 45325,
    "testsRegistered": 3,
    "passPercent": 0,
    "pendingPercent": 0,
    "other": 0,
    "hasOther": false,
    "skipped": 0,
    "hasSkipped": false
  },
  "results": [
    {
      "uuid": "8b1c0f4d-a6e9-4405-b6ab-9890452515c9",
      "title": "",
      "fullFile": "cypress/integration/PasswordRules.feature",
      "file": "cypress/integration/PasswordRules.feature",
      "beforeHooks": [],
      "afterHooks": [],
      "tests": [],
      "suites": [
        {
          "uuid": "2fa45741-fc58-45be-99b2-934af01a6bce",
          "title": "Password Rules",
          "fullFile": "",
          "file": "",
          "beforeHooks": [],
          "afterHooks": [],
          "tests": [
            {
              "title": "Check Password Strength (example #1)",
              "fullTitle": "Password Rules Check Password Strength (example #1)",
              "timedOut": null,
              "duration": 7818,
              "state": "failed",
              "speed": null,
              "pass": false,
              "fail": true,
              "pending": false,
              "context": null,
              "code": "const state = window.testState;\nreturn cy\n  .then(() => state.onStartScenario(scenario, indexedSteps))\n  .then(() =>\n    resolveAndRunBeforeHooks.call(this, scenario.tags, state.feature.name)\n  )\n  .then(() =>\n    indexedSteps.forEach(step =>\n      stepTest.call(this, state, step, rowData)\n    )\n  )\n  .then(() =>\n    resolveAndRunAfterHooks.call(this, scenario.tags, state.feature.name)\n  )\n  .then(() => state.onFinishScenario(scenario));",
              "err": {
                "message": "AssertionError: Timed out retrying: Expected to find element: `[data-testid=sign-in-button]`, but never found it.",
                "estack": "AssertionError: Timed out retrying: Expected to find element: `[data-testid=sign-in-button]`, but never found it.\n    at Context.eval (https://uk.tommy.com/__cypress/tests?p=cypress/integration/PasswordRules.feature:69:6)\n    at Context.resolveAndRunStepDefinition (https://uk.tommy.com/__cypress/tests?p=cypress/integration/PasswordRules.feature:11907:29)\n    at Context.eval (https://uk.tommy.com/__cypress/tests?p=cypress/integration/PasswordRules.feature:11252:35)",
                "diff": null
              },
              "uuid": "064cd9e2-f7f9-426b-8014-aaf6463da8e8",
              "parentUUID": "2fa45741-fc58-45be-99b2-934af01a6bce",
              "isHook": false,
              "skipped": false
            },
            {
              "title": "Check Password Strength (example #2)",
              "fullTitle": "Password Rules Check Password Strength (example #2)",
              "timedOut": null,
              "duration": 21631,
              "state": "failed",
              "speed": null,
              "pass": false,
              "fail": true,
              "pending": false,
              "context": null,
              "code": "const state = window.testState;\nreturn cy\n  .then(() => state.onStartScenario(scenario, indexedSteps))\n  .then(() =>\n    resolveAndRunBeforeHooks.call(this, scenario.tags, state.feature.name)\n  )\n  .then(() =>\n    indexedSteps.forEach(step =>\n      stepTest.call(this, state, step, rowData)\n    )\n  )\n  .then(() =>\n    resolveAndRunAfterHooks.call(this, scenario.tags, state.feature.name)\n  )\n  .then(() => state.onFinishScenario(scenario));",
              "err": {
                "message": "ReferenceError: passwordError is not defined",
                "estack": "ReferenceError: passwordError is not defined\n    at Context.eval (https://uk.tommy.com/__cypress/tests?p=cypress/integration/PasswordRules.feature:89:70)\n    at Context.resolveAndRunStepDefinition (https://uk.tommy.com/__cypress/tests?p=cypress/integration/PasswordRules.feature:11907:29)\n    at Context.eval (https://uk.tommy.com/__cypress/tests?p=cypress/integration/PasswordRules.feature:11252:35)",
                "diff": null
              },
              "uuid": "5284f8fa-e28e-45a0-a170-df5a3b1048ad",
              "parentUUID": "2fa45741-fc58-45be-99b2-934af01a6bce",
              "isHook": false,
              "skipped": false
            },
            {
              "title": "Check Password Strength (example #3)",
              "fullTitle": "Password Rules Check Password Strength (example #3)",
              "timedOut": null,
              "duration": 14677,
              "state": "failed",
              "speed": null,
              "pass": false,
              "fail": true,
              "pending": false,
              "context": null,
              "code": "const state = window.testState;\nreturn cy\n  .then(() => state.onStartScenario(scenario, indexedSteps))\n  .then(() =>\n    resolveAndRunBeforeHooks.call(this, scenario.tags, state.feature.name)\n  )\n  .then(() =>\n    indexedSteps.forEach(step =>\n      stepTest.call(this, state, step, rowData)\n    )\n  )\n  .then(() =>\n    resolveAndRunAfterHooks.call(this, scenario.tags, state.feature.name)\n  )\n  .then(() => state.onFinishScenario(scenario));",
              "err": {
                "message": "ReferenceError: passwordError is not defined",
                "estack": "ReferenceError: passwordError is not defined\n    at Context.eval (https://uk.tommy.com/__cypress/tests?p=cypress/integration/PasswordRules.feature:89:70)\n    at Context.resolveAndRunStepDefinition (https://uk.tommy.com/__cypress/tests?p=cypress/integration/PasswordRules.feature:11907:29)\n    at Context.eval (https://uk.tommy.com/__cypress/tests?p=cypress/integration/PasswordRules.feature:11252:35)",
                "diff": null
              },
              "uuid": "60c973e9-23bf-478d-9b39-0997fb735ac4",
              "parentUUID": "2fa45741-fc58-45be-99b2-934af01a6bce",
              "isHook": false,
              "skipped": false
            }
          ],
          "suites": [],
          "passes": [],
          "failures": [
            "064cd9e2-f7f9-426b-8014-aaf6463da8e8",
            "5284f8fa-e28e-45a0-a170-df5a3b1048ad",
            "60c973e9-23bf-478d-9b39-0997fb735ac4"
          ],
          "pending": [],
          "skipped": [],
          "duration": 44126,
          "root": false,
          "rootEmpty": false,
          "_timeout": 2000
        }
      ],
      "passes": [],
      "failures": [],
      "pending": [],
      "skipped": [],
      "duration": 0,
      "root": true,
      "rootEmpty": true,
      "_timeout": 2000
    }
  ],
  "meta": {
    "mocha": {
      "version": "7.0.1"
    },
    "mochawesome": {
      "options": {
        "quiet": false,
        "reportFilename": "report",
        "saveHtml": true,
        "saveJson": true,
        "consoleReporter": "spec",
        "useInlineDiffs": false,
        "code": true
      },
      "version": "6.2.1"
    },
    "marge": {
      "options": {
        "reportDir": "cypress/reports/mochawesome-report",
        "reportFilename": "report",
        "overwrite": false,
        "html": true,
        "json": true,
        "charts": true
      },
      "version": "5.1.0"
    }
  }
}